<?xml version="1.0" encoding="UTF-8"?>
<testsuite xmlns:xsi="http://www.w3.org/2001/XMLSchema-instance" xsi:noNamespaceSchemaLocation="https://maven.apache.org/surefire/maven-surefire-plugin/xsd/surefire-test-report.xsd" name="com.example.demosecond.DemoSecondApplicationTests" time="52.229" tests="2" errors="1" skipped="0" failures="0">
  <properties>
[...]
</properties>
  <testcase name="modifyUserInfo" classname="com.example.demosecond.DemoSecondApplicationTests" time="1.564"/>
  <testcase name="deleteUserById" classname="com.example.demosecond.DemoSecondApplicationTests" time="50.63">
    <error message="&#10;### Error updating database.  Cause: com.mysql.cj.jdbc.exceptions.MySQLTransactionRollbackException: Lock wait timeout exceeded; try restarting transaction&#10;### The error may exist in mapper/UserEntityMapper.xml&#10;### The error may involve com.example.demosecond.dao.UserEntityMapper.deleteUserById-Inline&#10;### The error occurred while setting parameters&#10;### SQL: delete from user_info     where id = ?&#10;### Cause: com.mysql.cj.jdbc.exceptions.MySQLTransactionRollbackException: Lock wait timeout exceeded; try restarting transaction" type="org.apache.ibatis.exceptions.PersistenceException">org.apache.ibatis.exceptions.PersistenceException: 

### Error updating database.  Cause: com.mysql.cj.jdbc.exceptions.MySQLTransactionRollbackException: Lock wait timeout exceeded; try restarting transaction
### The error may exist in mapper/UserEntityMapper.xml
### The error may involve com.example.demosecond.dao.UserEntityMapper.deleteUserById-Inline
### The error occurred while setting parameters
### SQL: delete from user_info     where id = ?
### Cause: com.mysql.cj.jdbc.exceptions.MySQLTransactionRollbackException: Lock wait timeout exceeded; try restarting transaction
	at com.example.demosecond.DemoSecondApplicationTests.deleteUserById(DemoSecondApplicationTests.java:105)
Caused by: com.mysql.cj.jdbc.exceptions.MySQLTransactionRollbackException: Lock wait timeout exceeded; try restarting transaction
	at com.example.demosecond.DemoSecondApplicationTests.deleteUserById(DemoSecondApplicationTests.java:105)
</error>
    <system-out><![CDATA[11:32:07.191 [main] DEBUG org.apache.ibatis.io.DefaultVFS - Find JAR URL: file:/F:/IDEA-PracticalTraining/SpringBoot/demoSecond/target/test-classes/com/example/demosecond
11:32:07.191 [main] DEBUG org.apache.ibatis.io.DefaultVFS - Not a JAR: file:/F:/IDEA-PracticalTraining/SpringBoot/demoSecond/target/test-classes/com/example/demosecond
11:32:07.191 [main] DEBUG org.apache.ibatis.io.DefaultVFS - Reader entry: DemoSecondApplicationTests.class
11:32:07.192 [main] DEBUG org.apache.ibatis.io.DefaultVFS - Reader entry: DemoSecondApplicationTests2.class
11:32:07.192 [main] DEBUG org.apache.ibatis.io.DefaultVFS - Listing file:/F:/IDEA-PracticalTraining/SpringBoot/demoSecond/target/test-classes/com/example/demosecond
11:32:07.192 [main] DEBUG org.apache.ibatis.io.DefaultVFS - Find JAR URL: file:/F:/IDEA-PracticalTraining/SpringBoot/demoSecond/target/test-classes/com/example/demosecond/DemoSecondApplicationTests.class
11:32:07.192 [main] DEBUG org.apache.ibatis.io.DefaultVFS - Not a JAR: file:/F:/IDEA-PracticalTraining/SpringBoot/demoSecond/target/test-classes/com/example/demosecond/DemoSecondApplicationTests.class
11:32:07.192 [main] DEBUG org.apache.ibatis.io.DefaultVFS - Reader entry: 漱壕&amp#0;&amp#0;&amp#0;4&amp#0;?
11:32:07.193 [main] DEBUG org.apache.ibatis.io.DefaultVFS - Find JAR URL: file:/F:/IDEA-PracticalTraining/SpringBoot/demoSecond/target/test-classes/com/example/demosecond/DemoSecondApplicationTests2.class
11:32:07.193 [main] DEBUG org.apache.ibatis.io.DefaultVFS - Not a JAR: file:/F:/IDEA-PracticalTraining/SpringBoot/demoSecond/target/test-classes/com/example/demosecond/DemoSecondApplicationTests2.class
11:32:07.193 [main] DEBUG org.apache.ibatis.io.DefaultVFS - Reader entry: 漱壕&amp#0;&amp#0;&amp#0;4&amp#0;?
11:32:07.194 [main] DEBUG org.apache.ibatis.io.DefaultVFS - Find JAR URL: file:/F:/IDEA-PracticalTraining/SpringBoot/demoSecond/target/classes/com/example/demosecond
11:32:07.194 [main] DEBUG org.apache.ibatis.io.DefaultVFS - Not a JAR: file:/F:/IDEA-PracticalTraining/SpringBoot/demoSecond/target/classes/com/example/demosecond
11:32:07.194 [main] DEBUG org.apache.ibatis.io.DefaultVFS - Reader entry: beans
11:32:07.194 [main] DEBUG org.apache.ibatis.io.DefaultVFS - Reader entry: common
11:32:07.194 [main] DEBUG org.apache.ibatis.io.DefaultVFS - Reader entry: controller
11:32:07.194 [main] DEBUG org.apache.ibatis.io.DefaultVFS - Reader entry: dao
11:32:07.195 [main] DEBUG org.apache.ibatis.io.DefaultVFS - Reader entry: DemoSecondApplication.class
11:32:07.195 [main] DEBUG org.apache.ibatis.io.DefaultVFS - Reader entry: service
11:32:07.195 [main] DEBUG org.apache.ibatis.io.DefaultVFS - Listing file:/F:/IDEA-PracticalTraining/SpringBoot/demoSecond/target/classes/com/example/demosecond
11:32:07.195 [main] DEBUG org.apache.ibatis.io.DefaultVFS - Find JAR URL: file:/F:/IDEA-PracticalTraining/SpringBoot/demoSecond/target/classes/com/example/demosecond/beans
11:32:07.195 [main] DEBUG org.apache.ibatis.io.DefaultVFS - Not a JAR: file:/F:/IDEA-PracticalTraining/SpringBoot/demoSecond/target/classes/com/example/demosecond/beans
11:32:07.195 [main] DEBUG org.apache.ibatis.io.DefaultVFS - Reader entry: HttpResponseEntity.class
11:32:07.196 [main] DEBUG org.apache.ibatis.io.DefaultVFS - Listing file:/F:/IDEA-PracticalTraining/SpringBoot/demoSecond/target/classes/com/example/demosecond/beans
11:32:07.196 [main] DEBUG org.apache.ibatis.io.DefaultVFS - Find JAR URL: file:/F:/IDEA-PracticalTraining/SpringBoot/demoSecond/target/classes/com/example/demosecond/beans/HttpResponseEntity.class
11:32:07.196 [main] DEBUG org.apache.ibatis.io.DefaultVFS - Not a JAR: file:/F:/IDEA-PracticalTraining/SpringBoot/demoSecond/target/classes/com/example/demosecond/beans/HttpResponseEntity.class
11:32:07.196 [main] DEBUG org.apache.ibatis.io.DefaultVFS - Reader entry: 漱壕&amp#0;&amp#0;&amp#0;4&amp#0;&
11:32:07.196 [main] DEBUG org.apache.ibatis.io.DefaultVFS - Find JAR URL: file:/F:/IDEA-PracticalTraining/SpringBoot/demoSecond/target/classes/com/example/demosecond/common
11:32:07.196 [main] DEBUG org.apache.ibatis.io.DefaultVFS - Not a JAR: file:/F:/IDEA-PracticalTraining/SpringBoot/demoSecond/target/classes/com/example/demosecond/common
11:32:07.197 [main] DEBUG org.apache.ibatis.io.DefaultVFS - Reader entry: utils
11:32:07.197 [main] DEBUG org.apache.ibatis.io.DefaultVFS - Listing file:/F:/IDEA-PracticalTraining/SpringBoot/demoSecond/target/classes/com/example/demosecond/common
11:32:07.197 [main] DEBUG org.apache.ibatis.io.DefaultVFS - Find JAR URL: file:/F:/IDEA-PracticalTraining/SpringBoot/demoSecond/target/classes/com/example/demosecond/common/utils
11:32:07.197 [main] DEBUG org.apache.ibatis.io.DefaultVFS - Not a JAR: file:/F:/IDEA-PracticalTraining/SpringBoot/demoSecond/target/classes/com/example/demosecond/common/utils
11:32:07.197 [main] DEBUG org.apache.ibatis.io.DefaultVFS - Reader entry: UUIDUtil.class
11:32:07.198 [main] DEBUG org.apache.ibatis.io.DefaultVFS - Listing file:/F:/IDEA-PracticalTraining/SpringBoot/demoSecond/target/classes/com/example/demosecond/common/utils
11:32:07.198 [main] DEBUG org.apache.ibatis.io.DefaultVFS - Find JAR URL: file:/F:/IDEA-PracticalTraining/SpringBoot/demoSecond/target/classes/com/example/demosecond/common/utils/UUIDUtil.class
11:32:07.198 [main] DEBUG org.apache.ibatis.io.DefaultVFS - Not a JAR: file:/F:/IDEA-PracticalTraining/SpringBoot/demoSecond/target/classes/com/example/demosecond/common/utils/UUIDUtil.class
11:32:07.198 [main] DEBUG org.apache.ibatis.io.DefaultVFS - Reader entry: 漱壕&amp#0;&amp#0;&amp#0;4&amp#0;:
11:32:07.198 [main] DEBUG org.apache.ibatis.io.DefaultVFS - Find JAR URL: file:/F:/IDEA-PracticalTraining/SpringBoot/demoSecond/target/classes/com/example/demosecond/controller
11:32:07.199 [main] DEBUG org.apache.ibatis.io.DefaultVFS - Not a JAR: file:/F:/IDEA-PracticalTraining/SpringBoot/demoSecond/target/classes/com/example/demosecond/controller
11:32:07.199 [main] DEBUG org.apache.ibatis.io.DefaultVFS - Reader entry: ProjectController.class
11:32:07.199 [main] DEBUG org.apache.ibatis.io.DefaultVFS - Reader entry: UserController.class
11:32:07.199 [main] DEBUG org.apache.ibatis.io.DefaultVFS - Listing file:/F:/IDEA-PracticalTraining/SpringBoot/demoSecond/target/classes/com/example/demosecond/controller
11:32:07.199 [main] DEBUG org.apache.ibatis.io.DefaultVFS - Find JAR URL: file:/F:/IDEA-PracticalTraining/SpringBoot/demoSecond/target/classes/com/example/demosecond/controller/ProjectController.class
11:32:07.199 [main] DEBUG org.apache.ibatis.io.DefaultVFS - Not a JAR: file:/F:/IDEA-PracticalTraining/SpringBoot/demoSecond/target/classes/com/example/demosecond/controller/ProjectController.class
11:32:07.200 [main] DEBUG org.apache.ibatis.io.DefaultVFS - Reader entry: 漱壕&amp#0;&amp#0;&amp#0;4&amp#0;?
11:32:07.200 [main] DEBUG org.apache.ibatis.io.DefaultVFS - Find JAR URL: file:/F:/IDEA-PracticalTraining/SpringBoot/demoSecond/target/classes/com/example/demosecond/controller/UserController.class
11:32:07.200 [main] DEBUG org.apache.ibatis.io.DefaultVFS - Not a JAR: file:/F:/IDEA-PracticalTraining/SpringBoot/demoSecond/target/classes/com/example/demosecond/controller/UserController.class
11:32:07.201 [main] DEBUG org.apache.ibatis.io.DefaultVFS - Reader entry: 漱壕&amp#0;&amp#0;&amp#0;4&amp#0;?
11:32:07.201 [main] DEBUG org.apache.ibatis.io.DefaultVFS - Find JAR URL: file:/F:/IDEA-PracticalTraining/SpringBoot/demoSecond/target/classes/com/example/demosecond/dao
11:32:07.201 [main] DEBUG org.apache.ibatis.io.DefaultVFS - Not a JAR: file:/F:/IDEA-PracticalTraining/SpringBoot/demoSecond/target/classes/com/example/demosecond/dao
11:32:07.202 [main] DEBUG org.apache.ibatis.io.DefaultVFS - Reader entry: entity
11:32:07.202 [main] DEBUG org.apache.ibatis.io.DefaultVFS - Reader entry: ProjectEntityMapper.class
11:32:07.202 [main] DEBUG org.apache.ibatis.io.DefaultVFS - Reader entry: UserEntityMapper.class
11:32:07.202 [main] DEBUG org.apache.ibatis.io.DefaultVFS - Listing file:/F:/IDEA-PracticalTraining/SpringBoot/demoSecond/target/classes/com/example/demosecond/dao
11:32:07.202 [main] DEBUG org.apache.ibatis.io.DefaultVFS - Find JAR URL: file:/F:/IDEA-PracticalTraining/SpringBoot/demoSecond/target/classes/com/example/demosecond/dao/entity
11:32:07.202 [main] DEBUG org.apache.ibatis.io.DefaultVFS - Not a JAR: file:/F:/IDEA-PracticalTraining/SpringBoot/demoSecond/target/classes/com/example/demosecond/dao/entity
11:32:07.203 [main] DEBUG org.apache.ibatis.io.DefaultVFS - Reader entry: ProjectEntity.class
11:32:07.203 [main] DEBUG org.apache.ibatis.io.DefaultVFS - Reader entry: UserEntity.class
11:32:07.203 [main] DEBUG org.apache.ibatis.io.DefaultVFS - Listing file:/F:/IDEA-PracticalTraining/SpringBoot/demoSecond/target/classes/com/example/demosecond/dao/entity
11:32:07.203 [main] DEBUG org.apache.ibatis.io.DefaultVFS - Find JAR URL: file:/F:/IDEA-PracticalTraining/SpringBoot/demoSecond/target/classes/com/example/demosecond/dao/entity/ProjectEntity.class
11:32:07.203 [main] DEBUG org.apache.ibatis.io.DefaultVFS - Not a JAR: file:/F:/IDEA-PracticalTraining/SpringBoot/demoSecond/target/classes/com/example/demosecond/dao/entity/ProjectEntity.class
11:32:07.203 [main] DEBUG org.apache.ibatis.io.DefaultVFS - Reader entry: 漱壕&amp#0;&amp#0;&amp#0;4&amp#0;a
11:32:07.204 [main] DEBUG org.apache.ibatis.io.DefaultVFS - Find JAR URL: file:/F:/IDEA-PracticalTraining/SpringBoot/demoSecond/target/classes/com/example/demosecond/dao/entity/UserEntity.class
11:32:07.204 [main] DEBUG org.apache.ibatis.io.DefaultVFS - Not a JAR: file:/F:/IDEA-PracticalTraining/SpringBoot/demoSecond/target/classes/com/example/demosecond/dao/entity/UserEntity.class
11:32:07.204 [main] DEBUG org.apache.ibatis.io.DefaultVFS - Reader entry: 漱壕&amp#0;&amp#0;&amp#0;4&amp#0;p
11:32:07.204 [main] DEBUG org.apache.ibatis.io.DefaultVFS - Find JAR URL: file:/F:/IDEA-PracticalTraining/SpringBoot/demoSecond/target/classes/com/example/demosecond/dao/ProjectEntityMapper.class
11:32:07.204 [main] DEBUG org.apache.ibatis.io.DefaultVFS - Not a JAR: file:/F:/IDEA-PracticalTraining/SpringBoot/demoSecond/target/classes/com/example/demosecond/dao/ProjectEntityMapper.class
11:32:07.205 [main] DEBUG org.apache.ibatis.io.DefaultVFS - Reader entry: 漱壕&amp#0;&amp#0;&amp#0;4&amp#0;&amp#22;&amp#7;&amp#0;&amp#20;&amp#7;&amp#0;&amp#21;&amp#1;&amp#0;&amp#16;queryProjectList&amp#1;&amp#0;C(Lcom/example/demosecond/dao/entity/ProjectEntity;)Ljava/util/List;&amp#1;&amp#0;&amp#16;MethodParameters&amp#1;&amp#0;
11:32:07.205 [main] DEBUG org.apache.ibatis.io.DefaultVFS - Find JAR URL: file:/F:/IDEA-PracticalTraining/SpringBoot/demoSecond/target/classes/com/example/demosecond/dao/UserEntityMapper.class
11:32:07.205 [main] DEBUG org.apache.ibatis.io.DefaultVFS - Not a JAR: file:/F:/IDEA-PracticalTraining/SpringBoot/demoSecond/target/classes/com/example/demosecond/dao/UserEntityMapper.class
11:32:07.205 [main] DEBUG org.apache.ibatis.io.DefaultVFS - Reader entry: 漱壕&amp#0;&amp#0;&amp#0;4&amp#0;&amp#23;&amp#7;&amp#0;&amp#21;&amp#7;&amp#0;&amp#22;&amp#1;&amp#0;
11:32:07.206 [main] DEBUG org.apache.ibatis.io.DefaultVFS - Find JAR URL: file:/F:/IDEA-PracticalTraining/SpringBoot/demoSecond/target/classes/com/example/demosecond/DemoSecondApplication.class
11:32:07.206 [main] DEBUG org.apache.ibatis.io.DefaultVFS - Not a JAR: file:/F:/IDEA-PracticalTraining/SpringBoot/demoSecond/target/classes/com/example/demosecond/DemoSecondApplication.class
11:32:07.206 [main] DEBUG org.apache.ibatis.io.DefaultVFS - Reader entry: 漱壕&amp#0;&amp#0;&amp#0;4&amp#0; 
11:32:07.209 [main] DEBUG org.apache.ibatis.io.DefaultVFS - Find JAR URL: file:/F:/IDEA-PracticalTraining/SpringBoot/demoSecond/target/classes/com/example/demosecond/service
11:32:07.209 [main] DEBUG org.apache.ibatis.io.DefaultVFS - Not a JAR: file:/F:/IDEA-PracticalTraining/SpringBoot/demoSecond/target/classes/com/example/demosecond/service
11:32:07.209 [main] DEBUG org.apache.ibatis.io.DefaultVFS - Reader entry: ProjectService.class
11:32:07.209 [main] DEBUG org.apache.ibatis.io.DefaultVFS - Reader entry: UserService.class
11:32:07.210 [main] DEBUG org.apache.ibatis.io.DefaultVFS - Listing file:/F:/IDEA-PracticalTraining/SpringBoot/demoSecond/target/classes/com/example/demosecond/service
11:32:07.210 [main] DEBUG org.apache.ibatis.io.DefaultVFS - Find JAR URL: file:/F:/IDEA-PracticalTraining/SpringBoot/demoSecond/target/classes/com/example/demosecond/service/ProjectService.class
11:32:07.210 [main] DEBUG org.apache.ibatis.io.DefaultVFS - Not a JAR: file:/F:/IDEA-PracticalTraining/SpringBoot/demoSecond/target/classes/com/example/demosecond/service/ProjectService.class
11:32:07.210 [main] DEBUG org.apache.ibatis.io.DefaultVFS - Reader entry: 漱壕&amp#0;&amp#0;&amp#0;4&amp#0;G
11:32:07.211 [main] DEBUG org.apache.ibatis.io.DefaultVFS - Find JAR URL: file:/F:/IDEA-PracticalTraining/SpringBoot/demoSecond/target/classes/com/example/demosecond/service/UserService.class
11:32:07.211 [main] DEBUG org.apache.ibatis.io.DefaultVFS - Not a JAR: file:/F:/IDEA-PracticalTraining/SpringBoot/demoSecond/target/classes/com/example/demosecond/service/UserService.class
11:32:07.211 [main] DEBUG org.apache.ibatis.io.DefaultVFS - Reader entry: 漱壕&amp#0;&amp#0;&amp#0;4&amp#0;J
11:32:07.211 [main] DEBUG org.apache.ibatis.io.ResolverUtil - Checking to see if class com.example.demosecond.DemoSecondApplicationTests matches criteria [is assignable to Object]
11:32:07.211 [main] DEBUG org.apache.ibatis.io.ResolverUtil - Checking to see if class com.example.demosecond.DemoSecondApplicationTests2 matches criteria [is assignable to Object]
11:32:07.212 [main] DEBUG org.apache.ibatis.io.ResolverUtil - Checking to see if class com.example.demosecond.beans.HttpResponseEntity matches criteria [is assignable to Object]
11:32:07.212 [main] DEBUG org.apache.ibatis.io.ResolverUtil - Checking to see if class com.example.demosecond.common.utils.UUIDUtil matches criteria [is assignable to Object]
11:32:07.212 [main] DEBUG org.apache.ibatis.io.ResolverUtil - Checking to see if class com.example.demosecond.controller.ProjectController matches criteria [is assignable to Object]
11:32:07.212 [main] DEBUG org.apache.ibatis.io.ResolverUtil - Checking to see if class com.example.demosecond.controller.UserController matches criteria [is assignable to Object]
11:32:07.212 [main] DEBUG org.apache.ibatis.io.ResolverUtil - Checking to see if class com.example.demosecond.dao.entity.ProjectEntity matches criteria [is assignable to Object]
11:32:07.212 [main] DEBUG org.apache.ibatis.io.ResolverUtil - Checking to see if class com.example.demosecond.dao.entity.UserEntity matches criteria [is assignable to Object]
11:32:07.212 [main] DEBUG org.apache.ibatis.io.ResolverUtil - Checking to see if class com.example.demosecond.dao.ProjectEntityMapper matches criteria [is assignable to Object]
11:32:07.212 [main] DEBUG org.apache.ibatis.io.ResolverUtil - Checking to see if class com.example.demosecond.dao.UserEntityMapper matches criteria [is assignable to Object]
11:32:07.212 [main] DEBUG org.apache.ibatis.io.ResolverUtil - Checking to see if class com.example.demosecond.DemoSecondApplication matches criteria [is assignable to Object]
11:32:07.212 [main] DEBUG org.apache.ibatis.io.ResolverUtil - Checking to see if class com.example.demosecond.service.ProjectService matches criteria [is assignable to Object]
11:32:07.212 [main] DEBUG org.apache.ibatis.io.ResolverUtil - Checking to see if class com.example.demosecond.service.UserService matches criteria [is assignable to Object]
11:32:07.214 [main] DEBUG org.apache.ibatis.datasource.pooled.PooledDataSource - PooledDataSource forcefully closed/removed all connections.
11:32:07.214 [main] DEBUG org.apache.ibatis.datasource.pooled.PooledDataSource - PooledDataSource forcefully closed/removed all connections.
11:32:07.214 [main] DEBUG org.apache.ibatis.datasource.pooled.PooledDataSource - PooledDataSource forcefully closed/removed all connections.
11:32:07.214 [main] DEBUG org.apache.ibatis.datasource.pooled.PooledDataSource - PooledDataSource forcefully closed/removed all connections.
11:32:07.233 [main] DEBUG org.apache.ibatis.transaction.jdbc.JdbcTransaction - Opening JDBC Connection
11:32:07.252 [main] DEBUG org.apache.ibatis.datasource.pooled.PooledDataSource - Created connection 25490549.
11:32:07.252 [main] DEBUG org.apache.ibatis.transaction.jdbc.JdbcTransaction - Setting autocommit to false on JDBC Connection [com.mysql.cj.jdbc.ConnectionImpl@184f475]
11:32:07.253 [main] DEBUG com.example.demosecond.dao.UserEntityMapper.deleteUserById - ==>  Preparing: delete from user_info where id = ?
11:32:07.253 [main] DEBUG com.example.demosecond.dao.UserEntityMapper.deleteUserById - ==> Parameters: 1(String)
]]></system-out>
  </testcase>
</testsuite>